Feb 19, 2015 10:00:22 PM org.apache.coyote.AbstractProtocol init
INFO: Initializing ProtocolHandler ["http-bio-8080"]
Feb 19, 2015 10:00:22 PM org.apache.coyote.AbstractProtocol init
INFO: Initializing ProtocolHandler ["ajp-bio-8010"]
Feb 19, 2015 10:00:22 PM org.apache.catalina.startup.Catalina load
INFO: Initialization processed in 1969 ms
Feb 19, 2015 10:00:22 PM org.apache.catalina.core.StandardService startInternal
INFO: Starting service Catalina
Feb 19, 2015 10:00:22 PM org.apache.catalina.core.StandardEngine startInternal
INFO: Starting Servlet Engine: Apache Tomcat/7.0.59
Feb 19, 2015 10:00:22 PM org.apache.catalina.realm.JAASRealm parseClassNames
SEVERE: Class villanova.ethicalhacking.JAASUserPrincipal not found! Class not added.
Feb 19, 2015 10:00:22 PM org.apache.catalina.realm.JAASRealm parseClassNames
SEVERE: Class villanova.ethicalhacking.JAASPasswordPrincipal not found! Class not added.
Feb 19, 2015 10:00:22 PM org.apache.catalina.realm.JAASRealm parseClassNames
SEVERE: Class villanova.ethicalhacking.JAASRolePrincipal not found! Class not added.
Feb 19, 2015 10:00:22 PM org.apache.catalina.startup.HostConfig deployWAR
INFO: Deploying web application archive C:\Users\Mark\Downloads\apache-tomcat-7.0.59-windows-x64\apache-tomcat-7.0.59\webapps\adjudicator.war
Feb 19, 2015 10:00:24 PM org.apache.catalina.util.SessionIdGeneratorBase createSecureRandom
INFO: Creation of SecureRandom instance for session ID generation using [SHA1PRNG] took [517] milliseconds.
Feb 19, 2015 10:00:24 PM org.apache.catalina.startup.HostConfig deployWAR
INFO: Deployment of web application archive C:\Users\Mark\Downloads\apache-tomcat-7.0.59-windows-x64\apache-tomcat-7.0.59\webapps\adjudicator.war has finished in 1,970 ms
Feb 19, 2015 10:00:24 PM org.apache.catalina.startup.HostConfig deployDirectory
INFO: Deploying web application directory C:\Users\Mark\Downloads\apache-tomcat-7.0.59-windows-x64\apache-tomcat-7.0.59\webapps\manager
Feb 19, 2015 10:00:24 PM org.apache.catalina.startup.HostConfig deployDirectory
INFO: Deployment of web application directory C:\Users\Mark\Downloads\apache-tomcat-7.0.59-windows-x64\apache-tomcat-7.0.59\webapps\manager has finished in 250 ms
Feb 19, 2015 10:00:24 PM org.apache.coyote.AbstractProtocol start
INFO: Starting ProtocolHandler ["http-bio-8080"]
Feb 19, 2015 10:00:24 PM org.apache.coyote.AbstractProtocol start
INFO: Starting ProtocolHandler ["ajp-bio-8010"]
Feb 19, 2015 10:00:24 PM org.apache.catalina.startup.Catalina start
INFO: Server startup in 2354 ms
Feb 19, 2015 10:00:51 PM org.apache.catalina.realm.JAASRealm authenticate
SEVERE: Unexpected error
java.lang.SecurityException: java.io.IOException: Configuration Error:
	Line 9: expected [option key], found [null]
	at sun.security.provider.ConfigFile$Spi.<init>(ConfigFile.java:137)
	at sun.security.provider.ConfigFile.<init>(ConfigFile.java:102)
	at sun.reflect.NativeConstructorAccessorImpl.newInstance0(Native Method)
	at sun.reflect.NativeConstructorAccessorImpl.newInstance(NativeConstructorAccessorImpl.java:62)
	at sun.reflect.DelegatingConstructorAccessorImpl.newInstance(DelegatingConstructorAccessorImpl.java:45)
	at java.lang.reflect.Constructor.newInstance(Constructor.java:408)
	at java.lang.Class.newInstance(Class.java:433)
	at javax.security.auth.login.Configuration$2.run(Configuration.java:255)
	at javax.security.auth.login.Configuration$2.run(Configuration.java:247)
	at java.security.AccessController.doPrivileged(Native Method)
	at javax.security.auth.login.Configuration.getConfiguration(Configuration.java:246)
	at javax.security.auth.login.LoginContext$1.run(LoginContext.java:245)
	at javax.security.auth.login.LoginContext$1.run(LoginContext.java:243)
	at java.security.AccessController.doPrivileged(Native Method)
	at javax.security.auth.login.LoginContext.init(LoginContext.java:243)
	at javax.security.auth.login.LoginContext.<init>(LoginContext.java:512)
	at org.apache.catalina.realm.JAASRealm.authenticate(JAASRealm.java:415)
	at org.apache.catalina.realm.JAASRealm.authenticate(JAASRealm.java:354)
	at org.apache.catalina.authenticator.FormAuthenticator.authenticate(FormAuthenticator.java:294)
	at org.apache.catalina.authenticator.AuthenticatorBase.invoke(AuthenticatorBase.java:452)
	at org.apache.catalina.core.StandardHostValve.invoke(StandardHostValve.java:170)
	at org.apache.catalina.valves.ErrorReportValve.invoke(ErrorReportValve.java:103)
	at org.apache.catalina.valves.AccessLogValve.invoke(AccessLogValve.java:950)
	at org.apache.catalina.core.StandardEngineValve.invoke(StandardEngineValve.java:116)
	at org.apache.catalina.connector.CoyoteAdapter.service(CoyoteAdapter.java:421)
	at org.apache.coyote.http11.AbstractHttp11Processor.process(AbstractHttp11Processor.java:1074)
	at org.apache.coyote.AbstractProtocol$AbstractConnectionHandler.process(AbstractProtocol.java:611)
	at org.apache.tomcat.util.net.JIoEndpoint$SocketProcessor.run(JIoEndpoint.java:316)
	at java.util.concurrent.ThreadPoolExecutor.runWorker(ThreadPoolExecutor.java:1142)
	at java.util.concurrent.ThreadPoolExecutor$Worker.run(ThreadPoolExecutor.java:617)
	at org.apache.tomcat.util.threads.TaskThread$WrappingRunnable.run(TaskThread.java:61)
	at java.lang.Thread.run(Thread.java:745)
Caused by: java.io.IOException: Configuration Error:
	Line 9: expected [option key], found [null]
	at sun.security.provider.ConfigFile$Spi.ioException(ConfigFile.java:666)
	at sun.security.provider.ConfigFile$Spi.match(ConfigFile.java:579)
	at sun.security.provider.ConfigFile$Spi.parseLoginEntry(ConfigFile.java:477)
	at sun.security.provider.ConfigFile$Spi.readConfig(ConfigFile.java:427)
	at sun.security.provider.ConfigFile$Spi.init(ConfigFile.java:329)
	at sun.security.provider.ConfigFile$Spi.init(ConfigFile.java:271)
	at sun.security.provider.ConfigFile$Spi.<init>(ConfigFile.java:135)
	... 31 more

Feb 19, 2015 10:06:42 PM org.apache.coyote.AbstractProtocol init
INFO: Initializing ProtocolHandler ["http-bio-8080"]
Feb 19, 2015 10:06:42 PM org.apache.coyote.AbstractProtocol init
SEVERE: Failed to initialize end point associated with ProtocolHandler ["http-bio-8080"]
java.net.BindException: Address already in use: JVM_Bind <null>:8080
	at org.apache.tomcat.util.net.JIoEndpoint.bind(JIoEndpoint.java:411)
	at org.apache.tomcat.util.net.AbstractEndpoint.init(AbstractEndpoint.java:646)
	at org.apache.coyote.AbstractProtocol.init(AbstractProtocol.java:434)
	at org.apache.coyote.http11.AbstractHttp11JsseProtocol.init(AbstractHttp11JsseProtocol.java:119)
	at org.apache.catalina.connector.Connector.initInternal(Connector.java:978)
	at org.apache.catalina.util.LifecycleBase.init(LifecycleBase.java:102)
	at org.apache.catalina.core.StandardService.initInternal(StandardService.java:559)
	at org.apache.catalina.util.LifecycleBase.init(LifecycleBase.java:102)
	at org.apache.catalina.core.StandardServer.initInternal(StandardServer.java:821)
	at org.apache.catalina.util.LifecycleBase.init(LifecycleBase.java:102)
	at org.apache.catalina.startup.Catalina.load(Catalina.java:638)
	at org.apache.catalina.startup.Catalina.load(Catalina.java:663)
	at sun.reflect.NativeMethodAccessorImpl.invoke0(Native Method)
	at sun.reflect.NativeMethodAccessorImpl.invoke(NativeMethodAccessorImpl.java:62)
	at sun.reflect.DelegatingMethodAccessorImpl.invoke(DelegatingMethodAccessorImpl.java:43)
	at java.lang.reflect.Method.invoke(Method.java:483)
	at org.apache.catalina.startup.Bootstrap.load(Bootstrap.java:280)
	at org.apache.catalina.startup.Bootstrap.main(Bootstrap.java:454)
Caused by: java.net.BindException: Address already in use: JVM_Bind
	at java.net.DualStackPlainSocketImpl.bind0(Native Method)
	at java.net.DualStackPlainSocketImpl.socketBind(DualStackPlainSocketImpl.java:106)
	at java.net.AbstractPlainSocketImpl.bind(AbstractPlainSocketImpl.java:382)
	at java.net.PlainSocketImpl.bind(PlainSocketImpl.java:190)
	at java.net.ServerSocket.bind(ServerSocket.java:375)
	at java.net.ServerSocket.<init>(ServerSocket.java:237)
	at java.net.ServerSocket.<init>(ServerSocket.java:181)
	at org.apache.tomcat.util.net.DefaultServerSocketFactory.createSocket(DefaultServerSocketFactory.java:49)
	at org.apache.tomcat.util.net.JIoEndpoint.bind(JIoEndpoint.java:398)
	... 17 more

Feb 19, 2015 10:06:42 PM org.apache.catalina.core.StandardService initInternal
SEVERE: Failed to initialize connector [Connector[HTTP/1.1-8080]]
org.apache.catalina.LifecycleException: Failed to initialize component [Connector[HTTP/1.1-8080]]
	at org.apache.catalina.util.LifecycleBase.init(LifecycleBase.java:106)
	at org.apache.catalina.core.StandardService.initInternal(StandardService.java:559)
	at org.apache.catalina.util.LifecycleBase.init(LifecycleBase.java:102)
	at org.apache.catalina.core.StandardServer.initInternal(StandardServer.java:821)
	at org.apache.catalina.util.LifecycleBase.init(LifecycleBase.java:102)
	at org.apache.catalina.startup.Catalina.load(Catalina.java:638)
	at org.apache.catalina.startup.Catalina.load(Catalina.java:663)
	at sun.reflect.NativeMethodAccessorImpl.invoke0(Native Method)
	at sun.reflect.NativeMethodAccessorImpl.invoke(NativeMethodAccessorImpl.java:62)
	at sun.reflect.DelegatingMethodAccessorImpl.invoke(DelegatingMethodAccessorImpl.java:43)
	at java.lang.reflect.Method.invoke(Method.java:483)
	at org.apache.catalina.startup.Bootstrap.load(Bootstrap.java:280)
	at org.apache.catalina.startup.Bootstrap.main(Bootstrap.java:454)
Caused by: org.apache.catalina.LifecycleException: Protocol handler initialization failed
	at org.apache.catalina.connector.Connector.initInternal(Connector.java:980)
	at org.apache.catalina.util.LifecycleBase.init(LifecycleBase.java:102)
	... 12 more
Caused by: java.net.BindException: Address already in use: JVM_Bind <null>:8080
	at org.apache.tomcat.util.net.JIoEndpoint.bind(JIoEndpoint.java:411)
	at org.apache.tomcat.util.net.AbstractEndpoint.init(AbstractEndpoint.java:646)
	at org.apache.coyote.AbstractProtocol.init(AbstractProtocol.java:434)
	at org.apache.coyote.http11.AbstractHttp11JsseProtocol.init(AbstractHttp11JsseProtocol.java:119)
	at org.apache.catalina.connector.Connector.initInternal(Connector.java:978)
	... 13 more
Caused by: java.net.BindException: Address already in use: JVM_Bind
	at java.net.DualStackPlainSocketImpl.bind0(Native Method)
	at java.net.DualStackPlainSocketImpl.socketBind(DualStackPlainSocketImpl.java:106)
	at java.net.AbstractPlainSocketImpl.bind(AbstractPlainSocketImpl.java:382)
	at java.net.PlainSocketImpl.bind(PlainSocketImpl.java:190)
	at java.net.ServerSocket.bind(ServerSocket.java:375)
	at java.net.ServerSocket.<init>(ServerSocket.java:237)
	at java.net.ServerSocket.<init>(ServerSocket.java:181)
	at org.apache.tomcat.util.net.DefaultServerSocketFactory.createSocket(DefaultServerSocketFactory.java:49)
	at org.apache.tomcat.util.net.JIoEndpoint.bind(JIoEndpoint.java:398)
	... 17 more

Feb 19, 2015 10:06:42 PM org.apache.coyote.AbstractProtocol init
INFO: Initializing ProtocolHandler ["ajp-bio-8010"]
Feb 19, 2015 10:06:42 PM org.apache.coyote.AbstractProtocol init
SEVERE: Failed to initialize end point associated with ProtocolHandler ["ajp-bio-8010"]
java.net.BindException: Address already in use: JVM_Bind <null>:8010
	at org.apache.tomcat.util.net.JIoEndpoint.bind(JIoEndpoint.java:411)
	at org.apache.tomcat.util.net.AbstractEndpoint.init(AbstractEndpoint.java:646)
	at org.apache.coyote.AbstractProtocol.init(AbstractProtocol.java:434)
	at org.apache.catalina.connector.Connector.initInternal(Connector.java:978)
	at org.apache.catalina.util.LifecycleBase.init(LifecycleBase.java:102)
	at org.apache.catalina.core.StandardService.initInternal(StandardService.java:559)
	at org.apache.catalina.util.LifecycleBase.init(LifecycleBase.java:102)
	at org.apache.catalina.core.StandardServer.initInternal(StandardServer.java:821)
	at org.apache.catalina.util.LifecycleBase.init(LifecycleBase.java:102)
	at org.apache.catalina.startup.Catalina.load(Catalina.java:638)
	at org.apache.catalina.startup.Catalina.load(Catalina.java:663)
	at sun.reflect.NativeMethodAccessorImpl.invoke0(Native Method)
	at sun.reflect.NativeMethodAccessorImpl.invoke(NativeMethodAccessorImpl.java:62)
	at sun.reflect.DelegatingMethodAccessorImpl.invoke(DelegatingMethodAccessorImpl.java:43)
	at java.lang.reflect.Method.invoke(Method.java:483)
	at org.apache.catalina.startup.Bootstrap.load(Bootstrap.java:280)
	at org.apache.catalina.startup.Bootstrap.main(Bootstrap.java:454)
Caused by: java.net.BindException: Address already in use: JVM_Bind
	at java.net.DualStackPlainSocketImpl.bind0(Native Method)
	at java.net.DualStackPlainSocketImpl.socketBind(DualStackPlainSocketImpl.java:106)
	at java.net.AbstractPlainSocketImpl.bind(AbstractPlainSocketImpl.java:382)
	at java.net.PlainSocketImpl.bind(PlainSocketImpl.java:190)
	at java.net.ServerSocket.bind(ServerSocket.java:375)
	at java.net.ServerSocket.<init>(ServerSocket.java:237)
	at java.net.ServerSocket.<init>(ServerSocket.java:181)
	at org.apache.tomcat.util.net.DefaultServerSocketFactory.createSocket(DefaultServerSocketFactory.java:49)
	at org.apache.tomcat.util.net.JIoEndpoint.bind(JIoEndpoint.java:398)
	... 16 more

Feb 19, 2015 10:06:42 PM org.apache.catalina.core.StandardService initInternal
SEVERE: Failed to initialize connector [Connector[AJP/1.3-8010]]
org.apache.catalina.LifecycleException: Failed to initialize component [Connector[AJP/1.3-8010]]
	at org.apache.catalina.util.LifecycleBase.init(LifecycleBase.java:106)
	at org.apache.catalina.core.StandardService.initInternal(StandardService.java:559)
	at org.apache.catalina.util.LifecycleBase.init(LifecycleBase.java:102)
	at org.apache.catalina.core.StandardServer.initInternal(StandardServer.java:821)
	at org.apache.catalina.util.LifecycleBase.init(LifecycleBase.java:102)
	at org.apache.catalina.startup.Catalina.load(Catalina.java:638)
	at org.apache.catalina.startup.Catalina.load(Catalina.java:663)
	at sun.reflect.NativeMethodAccessorImpl.invoke0(Native Method)
	at sun.reflect.NativeMethodAccessorImpl.invoke(NativeMethodAccessorImpl.java:62)
	at sun.reflect.DelegatingMethodAccessorImpl.invoke(DelegatingMethodAccessorImpl.java:43)
	at java.lang.reflect.Method.invoke(Method.java:483)
	at org.apache.catalina.startup.Bootstrap.load(Bootstrap.java:280)
	at org.apache.catalina.startup.Bootstrap.main(Bootstrap.java:454)
Caused by: org.apache.catalina.LifecycleException: Protocol handler initialization failed
	at org.apache.catalina.connector.Connector.initInternal(Connector.java:980)
	at org.apache.catalina.util.LifecycleBase.init(LifecycleBase.java:102)
	... 12 more
Caused by: java.net.BindException: Address already in use: JVM_Bind <null>:8010
	at org.apache.tomcat.util.net.JIoEndpoint.bind(JIoEndpoint.java:411)
	at org.apache.tomcat.util.net.AbstractEndpoint.init(AbstractEndpoint.java:646)
	at org.apache.coyote.AbstractProtocol.init(AbstractProtocol.java:434)
	at org.apache.catalina.connector.Connector.initInternal(Connector.java:978)
	... 13 more
Caused by: java.net.BindException: Address already in use: JVM_Bind
	at java.net.DualStackPlainSocketImpl.bind0(Native Method)
	at java.net.DualStackPlainSocketImpl.socketBind(DualStackPlainSocketImpl.java:106)
	at java.net.AbstractPlainSocketImpl.bind(AbstractPlainSocketImpl.java:382)
	at java.net.PlainSocketImpl.bind(PlainSocketImpl.java:190)
	at java.net.ServerSocket.bind(ServerSocket.java:375)
	at java.net.ServerSocket.<init>(ServerSocket.java:237)
	at java.net.ServerSocket.<init>(ServerSocket.java:181)
	at org.apache.tomcat.util.net.DefaultServerSocketFactory.createSocket(DefaultServerSocketFactory.java:49)
	at org.apache.tomcat.util.net.JIoEndpoint.bind(JIoEndpoint.java:398)
	... 16 more

Feb 19, 2015 10:06:42 PM org.apache.catalina.startup.Catalina load
INFO: Initialization processed in 463 ms
Feb 19, 2015 10:06:42 PM org.apache.catalina.core.StandardService startInternal
INFO: Starting service Catalina
Feb 19, 2015 10:06:42 PM org.apache.catalina.core.StandardEngine startInternal
INFO: Starting Servlet Engine: Apache Tomcat/7.0.59
Feb 19, 2015 10:06:42 PM org.apache.catalina.realm.JAASRealm parseClassNames
SEVERE: Class villanova.ethicalhacking.JAASUserPrincipal not found! Class not added.
Feb 19, 2015 10:06:42 PM org.apache.catalina.realm.JAASRealm parseClassNames
SEVERE: Class villanova.ethicalhacking.JAASPasswordPrincipal not found! Class not added.
Feb 19, 2015 10:06:42 PM org.apache.catalina.realm.JAASRealm parseClassNames
SEVERE: Class villanova.ethicalhacking.JAASRolePrincipal not found! Class not added.
Feb 19, 2015 10:06:42 PM org.apache.catalina.startup.HostConfig deployWAR
INFO: Deploying web application archive C:\Users\Mark\Downloads\apache-tomcat-7.0.59-windows-x64\apache-tomcat-7.0.59\webapps\adjudicator.war
Feb 19, 2015 10:06:43 PM org.apache.catalina.util.SessionIdGeneratorBase createSecureRandom
INFO: Creation of SecureRandom instance for session ID generation using [SHA1PRNG] took [250] milliseconds.
Feb 19, 2015 10:06:43 PM org.apache.catalina.startup.HostConfig deployWAR
INFO: Deployment of web application archive C:\Users\Mark\Downloads\apache-tomcat-7.0.59-windows-x64\apache-tomcat-7.0.59\webapps\adjudicator.war has finished in 795 ms
Feb 19, 2015 10:06:43 PM org.apache.catalina.startup.HostConfig deployDirectory
INFO: Deploying web application directory C:\Users\Mark\Downloads\apache-tomcat-7.0.59-windows-x64\apache-tomcat-7.0.59\webapps\manager
Feb 19, 2015 10:06:43 PM org.apache.catalina.startup.HostConfig deployDirectory
INFO: Deployment of web application directory C:\Users\Mark\Downloads\apache-tomcat-7.0.59-windows-x64\apache-tomcat-7.0.59\webapps\manager has finished in 109 ms
Feb 19, 2015 10:06:43 PM org.apache.catalina.startup.Catalina start
INFO: Server startup in 950 ms
Feb 19, 2015 10:06:43 PM org.apache.catalina.core.StandardServer await
SEVERE: StandardServer.await: create[localhost:8005]: 
java.net.BindException: Address already in use: JVM_Bind
	at java.net.DualStackPlainSocketImpl.bind0(Native Method)
	at java.net.DualStackPlainSocketImpl.socketBind(DualStackPlainSocketImpl.java:106)
	at java.net.AbstractPlainSocketImpl.bind(AbstractPlainSocketImpl.java:382)
	at java.net.PlainSocketImpl.bind(PlainSocketImpl.java:190)
	at java.net.ServerSocket.bind(ServerSocket.java:375)
	at java.net.ServerSocket.<init>(ServerSocket.java:237)
	at org.apache.catalina.core.StandardServer.await(StandardServer.java:427)
	at org.apache.catalina.startup.Catalina.await(Catalina.java:777)
	at org.apache.catalina.startup.Catalina.start(Catalina.java:723)
	at sun.reflect.NativeMethodAccessorImpl.invoke0(Native Method)
	at sun.reflect.NativeMethodAccessorImpl.invoke(NativeMethodAccessorImpl.java:62)
	at sun.reflect.DelegatingMethodAccessorImpl.invoke(DelegatingMethodAccessorImpl.java:43)
	at java.lang.reflect.Method.invoke(Method.java:483)
	at org.apache.catalina.startup.Bootstrap.start(Bootstrap.java:321)
	at org.apache.catalina.startup.Bootstrap.main(Bootstrap.java:455)

Feb 19, 2015 10:06:43 PM org.apache.coyote.AbstractProtocol pause
INFO: Pausing ProtocolHandler ["http-bio-8080"]
Feb 19, 2015 10:06:43 PM org.apache.coyote.AbstractProtocol pause
INFO: Pausing ProtocolHandler ["ajp-bio-8010"]
Feb 19, 2015 10:06:43 PM org.apache.catalina.core.StandardService stopInternal
INFO: Stopping service Catalina
Feb 19, 2015 10:06:43 PM org.apache.catalina.loader.WebappClassLoader clearReferencesJdbc
SEVERE: The web application [/adjudicator] registered the JDBC driver [com.mysql.jdbc.Driver] but failed to unregister it when the web application was stopped. To prevent a memory leak, the JDBC Driver has been forcibly unregistered.
Feb 19, 2015 10:06:43 PM org.apache.coyote.AbstractProtocol stop
INFO: Stopping ProtocolHandler ["http-bio-8080"]
Feb 19, 2015 10:06:43 PM org.apache.coyote.AbstractProtocol destroy
INFO: Destroying ProtocolHandler ["http-bio-8080"]
Feb 19, 2015 10:06:43 PM org.apache.coyote.AbstractProtocol stop
INFO: Stopping ProtocolHandler ["ajp-bio-8010"]
Feb 19, 2015 10:06:43 PM org.apache.coyote.AbstractProtocol destroy
INFO: Destroying ProtocolHandler ["ajp-bio-8010"]
Feb 19, 2015 10:06:47 PM org.apache.coyote.AbstractProtocol init
INFO: Initializing ProtocolHandler ["http-bio-8080"]
Feb 19, 2015 10:06:47 PM org.apache.coyote.AbstractProtocol init
INFO: Initializing ProtocolHandler ["ajp-bio-8010"]
Feb 19, 2015 10:06:47 PM org.apache.catalina.startup.Catalina load
INFO: Initialization processed in 432 ms
Feb 19, 2015 10:06:47 PM org.apache.catalina.core.StandardService startInternal
INFO: Starting service Catalina
Feb 19, 2015 10:06:47 PM org.apache.catalina.core.StandardEngine startInternal
INFO: Starting Servlet Engine: Apache Tomcat/7.0.59
Feb 19, 2015 10:06:47 PM org.apache.catalina.realm.JAASRealm parseClassNames
SEVERE: Class villanova.ethicalhacking.JAASUserPrincipal not found! Class not added.
Feb 19, 2015 10:06:47 PM org.apache.catalina.realm.JAASRealm parseClassNames
SEVERE: Class villanova.ethicalhacking.JAASPasswordPrincipal not found! Class not added.
Feb 19, 2015 10:06:47 PM org.apache.catalina.realm.JAASRealm parseClassNames
SEVERE: Class villanova.ethicalhacking.JAASRolePrincipal not found! Class not added.
Feb 19, 2015 10:06:48 PM org.apache.catalina.startup.HostConfig deployWAR
INFO: Deploying web application archive C:\Users\Mark\Downloads\apache-tomcat-7.0.59-windows-x64\apache-tomcat-7.0.59\webapps\adjudicator.war
Feb 19, 2015 10:06:48 PM org.apache.catalina.util.SessionIdGeneratorBase createSecureRandom
INFO: Creation of SecureRandom instance for session ID generation using [SHA1PRNG] took [249] milliseconds.
Feb 19, 2015 10:06:48 PM org.apache.catalina.startup.HostConfig deployWAR
INFO: Deployment of web application archive C:\Users\Mark\Downloads\apache-tomcat-7.0.59-windows-x64\apache-tomcat-7.0.59\webapps\adjudicator.war has finished in 733 ms
Feb 19, 2015 10:06:48 PM org.apache.catalina.startup.HostConfig deployDirectory
INFO: Deploying web application directory C:\Users\Mark\Downloads\apache-tomcat-7.0.59-windows-x64\apache-tomcat-7.0.59\webapps\manager
Feb 19, 2015 10:06:48 PM org.apache.catalina.startup.HostConfig deployDirectory
INFO: Deployment of web application directory C:\Users\Mark\Downloads\apache-tomcat-7.0.59-windows-x64\apache-tomcat-7.0.59\webapps\manager has finished in 93 ms
Feb 19, 2015 10:06:48 PM org.apache.coyote.AbstractProtocol start
INFO: Starting ProtocolHandler ["http-bio-8080"]
Feb 19, 2015 10:06:48 PM org.apache.coyote.AbstractProtocol start
INFO: Starting ProtocolHandler ["ajp-bio-8010"]
Feb 19, 2015 10:06:48 PM org.apache.catalina.startup.Catalina start
INFO: Server startup in 880 ms
Feb 19, 2015 10:07:18 PM villanova.ethicalhacking.JAASLoginModule commit
INFO: Login subject were successfully populated with principals and roles
Feb 19, 2015 10:10:03 PM org.apache.coyote.AbstractProtocol init
INFO: Initializing ProtocolHandler ["http-bio-8080"]
Feb 19, 2015 10:10:03 PM org.apache.coyote.AbstractProtocol init
INFO: Initializing ProtocolHandler ["ajp-bio-8010"]
Feb 19, 2015 10:10:03 PM org.apache.catalina.startup.Catalina load
INFO: Initialization processed in 451 ms
Feb 19, 2015 10:10:03 PM org.apache.catalina.core.StandardService startInternal
INFO: Starting service Catalina
Feb 19, 2015 10:10:03 PM org.apache.catalina.core.StandardEngine startInternal
INFO: Starting Servlet Engine: Apache Tomcat/7.0.59
Feb 19, 2015 10:10:03 PM org.apache.catalina.realm.JAASRealm parseClassNames
SEVERE: Class villanova.ethicalhacking.JAASUserPrincipal not found! Class not added.
Feb 19, 2015 10:10:03 PM org.apache.catalina.realm.JAASRealm parseClassNames
SEVERE: Class villanova.ethicalhacking.JAASPasswordPrincipal not found! Class not added.
Feb 19, 2015 10:10:03 PM org.apache.catalina.realm.JAASRealm parseClassNames
SEVERE: Class villanova.ethicalhacking.JAASRolePrincipal not found! Class not added.
Feb 19, 2015 10:10:04 PM org.apache.catalina.startup.HostConfig deployWAR
INFO: Deploying web application archive C:\Users\Mark\Downloads\apache-tomcat-7.0.59-windows-x64\apache-tomcat-7.0.59\webapps\adjudicator.war
Feb 19, 2015 10:10:04 PM org.apache.catalina.util.SessionIdGeneratorBase createSecureRandom
INFO: Creation of SecureRandom instance for session ID generation using [SHA1PRNG] took [252] milliseconds.
Feb 19, 2015 10:10:04 PM org.apache.catalina.startup.HostConfig deployWAR
INFO: Deployment of web application archive C:\Users\Mark\Downloads\apache-tomcat-7.0.59-windows-x64\apache-tomcat-7.0.59\webapps\adjudicator.war has finished in 938 ms
Feb 19, 2015 10:10:04 PM org.apache.catalina.startup.HostConfig deployDirectory
INFO: Deploying web application directory C:\Users\Mark\Downloads\apache-tomcat-7.0.59-windows-x64\apache-tomcat-7.0.59\webapps\manager
Feb 19, 2015 10:10:05 PM org.apache.catalina.startup.HostConfig deployDirectory
INFO: Deployment of web application directory C:\Users\Mark\Downloads\apache-tomcat-7.0.59-windows-x64\apache-tomcat-7.0.59\webapps\manager has finished in 109 ms
Feb 19, 2015 10:10:05 PM org.apache.coyote.AbstractProtocol start
INFO: Starting ProtocolHandler ["http-bio-8080"]
Feb 19, 2015 10:10:05 PM org.apache.coyote.AbstractProtocol start
INFO: Starting ProtocolHandler ["ajp-bio-8010"]
Feb 19, 2015 10:10:05 PM org.apache.catalina.startup.Catalina start
INFO: Server startup in 1101 ms
Feb 19, 2015 10:10:12 PM villanova.ethicalhacking.JAASLoginModule commit
INFO: Login subject were successfully populated with principals and roles
Feb 19, 2015 10:12:07 PM org.apache.coyote.AbstractProtocol init
INFO: Initializing ProtocolHandler ["http-bio-8080"]
Feb 19, 2015 10:12:07 PM org.apache.coyote.AbstractProtocol init
INFO: Initializing ProtocolHandler ["ajp-bio-8010"]
Feb 19, 2015 10:12:07 PM org.apache.catalina.startup.Catalina load
INFO: Initialization processed in 428 ms
Feb 19, 2015 10:12:07 PM org.apache.catalina.core.StandardService startInternal
INFO: Starting service Catalina
Feb 19, 2015 10:12:07 PM org.apache.catalina.core.StandardEngine startInternal
INFO: Starting Servlet Engine: Apache Tomcat/7.0.59
Feb 19, 2015 10:12:07 PM org.apache.catalina.realm.JAASRealm parseClassNames
SEVERE: Class villanova.ethicalhacking.JAASUserPrincipal not found! Class not added.
Feb 19, 2015 10:12:07 PM org.apache.catalina.realm.JAASRealm parseClassNames
SEVERE: Class villanova.ethicalhacking.JAASPasswordPrincipal not found! Class not added.
Feb 19, 2015 10:12:07 PM org.apache.catalina.realm.JAASRealm parseClassNames
SEVERE: Class villanova.ethicalhacking.JAASRolePrincipal not found! Class not added.
Feb 19, 2015 10:12:07 PM org.apache.catalina.startup.HostConfig deployWAR
INFO: Deploying web application archive C:\Users\Mark\Downloads\apache-tomcat-7.0.59-windows-x64\apache-tomcat-7.0.59\webapps\adjudicator.war
Feb 19, 2015 10:12:08 PM org.apache.catalina.util.SessionIdGeneratorBase createSecureRandom
INFO: Creation of SecureRandom instance for session ID generation using [SHA1PRNG] took [281] milliseconds.
Feb 19, 2015 10:12:08 PM org.apache.catalina.startup.HostConfig deployWAR
INFO: Deployment of web application archive C:\Users\Mark\Downloads\apache-tomcat-7.0.59-windows-x64\apache-tomcat-7.0.59\webapps\adjudicator.war has finished in 945 ms
Feb 19, 2015 10:12:08 PM org.apache.catalina.startup.HostConfig deployDirectory
INFO: Deploying web application directory C:\Users\Mark\Downloads\apache-tomcat-7.0.59-windows-x64\apache-tomcat-7.0.59\webapps\manager
Feb 19, 2015 10:12:08 PM org.apache.catalina.startup.HostConfig deployDirectory
INFO: Deployment of web application directory C:\Users\Mark\Downloads\apache-tomcat-7.0.59-windows-x64\apache-tomcat-7.0.59\webapps\manager has finished in 93 ms
Feb 19, 2015 10:12:08 PM org.apache.coyote.AbstractProtocol start
INFO: Starting ProtocolHandler ["http-bio-8080"]
Feb 19, 2015 10:12:08 PM org.apache.coyote.AbstractProtocol start
INFO: Starting ProtocolHandler ["ajp-bio-8010"]
Feb 19, 2015 10:12:08 PM org.apache.catalina.startup.Catalina start
INFO: Server startup in 1131 ms
Feb 19, 2015 10:12:14 PM villanova.ethicalhacking.JAASLoginModule commit
INFO: Login subject were successfully populated with principals and roles
Feb 19, 2015 10:13:49 PM org.apache.coyote.AbstractProtocol init
INFO: Initializing ProtocolHandler ["http-bio-8080"]
Feb 19, 2015 10:13:49 PM org.apache.coyote.AbstractProtocol init
INFO: Initializing ProtocolHandler ["ajp-bio-8010"]
Feb 19, 2015 10:13:49 PM org.apache.catalina.startup.Catalina load
INFO: Initialization processed in 417 ms
Feb 19, 2015 10:13:49 PM org.apache.catalina.core.StandardService startInternal
INFO: Starting service Catalina
Feb 19, 2015 10:13:49 PM org.apache.catalina.core.StandardEngine startInternal
INFO: Starting Servlet Engine: Apache Tomcat/7.0.59
Feb 19, 2015 10:13:49 PM org.apache.catalina.realm.JAASRealm parseClassNames
SEVERE: Class villanova.ethicalhacking.JAASUserPrincipal not found! Class not added.
Feb 19, 2015 10:13:49 PM org.apache.catalina.realm.JAASRealm parseClassNames
SEVERE: Class villanova.ethicalhacking.JAASPasswordPrincipal not found! Class not added.
Feb 19, 2015 10:13:49 PM org.apache.catalina.realm.JAASRealm parseClassNames
SEVERE: Class villanova.ethicalhacking.JAASRolePrincipal not found! Class not added.
Feb 19, 2015 10:13:49 PM org.apache.catalina.startup.HostConfig deployWAR
INFO: Deploying web application archive C:\Users\Mark\Downloads\apache-tomcat-7.0.59-windows-x64\apache-tomcat-7.0.59\webapps\adjudicator.war
Feb 19, 2015 10:13:50 PM org.apache.catalina.util.SessionIdGeneratorBase createSecureRandom
INFO: Creation of SecureRandom instance for session ID generation using [SHA1PRNG] took [234] milliseconds.
Feb 19, 2015 10:13:50 PM org.apache.catalina.startup.HostConfig deployWAR
INFO: Deployment of web application archive C:\Users\Mark\Downloads\apache-tomcat-7.0.59-windows-x64\apache-tomcat-7.0.59\webapps\adjudicator.war has finished in 751 ms
Feb 19, 2015 10:13:50 PM org.apache.catalina.startup.HostConfig deployDirectory
INFO: Deploying web application directory C:\Users\Mark\Downloads\apache-tomcat-7.0.59-windows-x64\apache-tomcat-7.0.59\webapps\manager
Feb 19, 2015 10:13:50 PM org.apache.catalina.startup.HostConfig deployDirectory
INFO: Deployment of web application directory C:\Users\Mark\Downloads\apache-tomcat-7.0.59-windows-x64\apache-tomcat-7.0.59\webapps\manager has finished in 78 ms
Feb 19, 2015 10:13:50 PM org.apache.coyote.AbstractProtocol start
INFO: Starting ProtocolHandler ["http-bio-8080"]
Feb 19, 2015 10:13:50 PM org.apache.coyote.AbstractProtocol start
INFO: Starting ProtocolHandler ["ajp-bio-8010"]
Feb 19, 2015 10:13:50 PM org.apache.catalina.startup.Catalina start
INFO: Server startup in 884 ms
Feb 19, 2015 10:14:16 PM villanova.ethicalhacking.JAASLoginModule commit
INFO: Login subject were successfully populated with principals and roles
Feb 19, 2015 10:14:37 PM villanova.ethicalhacking.JAASLoginModule commit
INFO: Login subject were successfully populated with principals and roles
Feb 19, 2015 10:19:47 PM villanova.ethicalhacking.JAASLoginModule commit
INFO: Login subject were successfully populated with principals and roles
Feb 19, 2015 10:19:58 PM villanova.ethicalhacking.JAASLoginModule commit
INFO: Login subject were successfully populated with principals and roles
